starting benchmark on sparse graphs...


Processing file: ./Input_Data/SparseRoadNetworks/osm11.txt

Processing with random weights: 
Processing with exponential weights: 
Running src-dst benchmark -> output/sparse_networks/exponential_weights/src_dst_benchmark/osm11.csv
Running 100 src-dst queries...
Number of Mismatched Queries: 0

Running spt benchmark -> output/sparse_networks/exponential_weights/spt_benchmark/osm11.csv
Running 100 SPT queries...
Mismatches in 0 / 100 runs.

Processing with original weights: 
Running src-dst benchmark -> output/sparse_networks/original_weights/src_dst_benchmark/osm11.csv
Running 100 src-dst queries...
Number of Mismatched Queries: 0

Running spt benchmark -> output/sparse_networks/original_weights/spt_benchmark/osm11.csv
Running 100 SPT queries...
Mismatches in 0 / 100 runs.

Benchmarking completed for all sparse graphs with original, exponential and uniformly random weights.

==============================================================================================================================

starting benchmark on dense graphs...


Processing file: ./Input_Data/DenseNetworks/nu3496.tsp

Processing with original weights: 
Running src-dst benchmark -> output/DenseNetworks/original_weights/src_dst_benchmark/nu3496.csv
Running 100 src-dst queries...
Number of Mismatched Queries: 0

Running spt benchmark -> output/DenseNetworks/original_weights/spt_benchmark/nu3496.csv
Running 100 SPT queries...
Mismatches in 0 / 100 runs.

Processing with random weights: 
Running src-dst benchmark -> output/DenseNetworks/random_weights/src_dst_benchmark/nu3496.csv
Running 100 src-dst queries...
Number of Mismatched Queries: 0

Running spt benchmark -> output/DenseNetworks/random_weights/spt_benchmark/nu3496.csv
Running 100 SPT queries...
Mismatches in 0 / 100 runs.

Processing with uniform weights: 
Running src-dst benchmark -> output/DenseNetworks/uniform_random_weights/src_dst_benchmark/nu3496.csv
Running 100 src-dst queries...
Number of Mismatched Queries: 0

Running spt benchmark -> output/DenseNetworks/uniform_random_weights/spt_benchmark/nu3496.csv
Running 100 SPT queries...
Mismatches in 0 / 100 runs.

Processing with exponential weights: 
Running src-dst benchmark -> output/DenseNetworks/exponential_weights/src_dst_benchmark/nu3496.csv
Running 100 src-dst queries...
Number of Mismatched Queries: 0

Running spt benchmark -> output/DenseNetworks/exponential_weights/spt_benchmark/nu3496.csv
Running 100 SPT queries...
Mismatches in 0 / 100 runs.

Benchmarking completed for all dense graphs with original, uniform, exponential and uniformly random weights.

==============================================================================================================================

